<?xml version="1.0" encoding="UTF-8"?>
<testsuite name="Cucumber" time="6.959" tests="1" skipped="0" failures="1" errors="0">
<testcase classname="US1014 Guru_Web_Tables in Cucumber framework" name="TC18 getting title" time="6.813">
<failure type="java.lang.AssertionError">
<![CDATA[java.lang.AssertionError
	at org.junit.Assert.fail(Assert.java:87)
	at org.junit.Assert.assertTrue(Assert.java:42)
	at org.junit.Assert.assertTrue(Assert.java:53)
	at stepdefinitions.GuruStepDefinitions.test_that_lists(GuruStepDefinitions.java:36)
	at âœ½.test that "Company" lists "Dewan Housing"(file:///C:/Users/piski/IdeaProjects/com.Team115Cucumber/src/test/resources/features/US1014_testingGuruWebsite.feature:7)
]]>
</failure>
<system-out><![CDATA[
Given user goes to "guruUrl" homepage.......................................passed
And "Company" prints all the values in its column...........................passed
Then test that "Company" lists "Dewan Housing"..............................failed
Then closes the page........................................................skipped
]]></system-out>
</testcase>
</testsuite>
