[{"line":2,"elements":[{"start_timestamp":"2023-07-22T16:30:45.334Z","line":13,"name":"TC04 we will create new methods where we can use parameters","description":"","id":"us-1004-using-parameters-on-test-steps;tc04-we-will-create-new-methods-where-we-can-use-parameters","type":"scenario","keyword":"Scenario","steps":[{"result":{"duration":13178175200,"status":"passed"},"line":15,"name":"user goes to amazon homepage","match":{"location":"stepdefinitions.AmazonStepDefinitions.user_goes_to_amazon_homepage()"},"keyword":"Given "},{"result":{"duration":9912859400,"status":"passed"},"line":16,"name":"user searches for \"Nutella\" in search box","match":{"arguments":[{"val":"\"Nutella\"","offset":18}],"location":"stepdefinitions.AmazonStepDefinitions.userSearchesForInSearchBox(java.lang.String)"},"keyword":"Then "},{"result":{"duration":469216500,"status":"passed"},"line":17,"name":"tests that result text contains \"Nutella\" word","match":{"arguments":[{"val":"\"Nutella\"","offset":32}],"location":"stepdefinitions.AmazonStepDefinitions.testsThatResultTextContainsWord(java.lang.String)"},"keyword":"And "},{"result":{"duration":3320012800,"status":"passed"},"line":18,"name":"closes the page","match":{"location":"stepdefinitions.AmazonStepDefinitions.closes_the_page()"},"keyword":"Then "}],"tags":[{"name":"@smokeTest"},{"name":"@p2"}]},{"start_timestamp":"2023-07-22T16:31:12.272Z","line":20,"name":"TC05 we will create new methods where we can use parameters","description":"","id":"us-1004-using-parameters-on-test-steps;tc05-we-will-create-new-methods-where-we-can-use-parameters","type":"scenario","keyword":"Scenario","steps":[{"result":{"duration":11075529800,"status":"passed"},"line":22,"name":"user goes to amazon homepage","match":{"location":"stepdefinitions.AmazonStepDefinitions.user_goes_to_amazon_homepage()"},"keyword":"Given "},{"result":{"duration":5535658700,"status":"passed"},"line":23,"name":"user searches for \"Apple\" in search box","match":{"arguments":[{"val":"\"Apple\"","offset":18}],"location":"stepdefinitions.AmazonStepDefinitions.userSearchesForInSearchBox(java.lang.String)"},"keyword":"Then "},{"result":{"duration":314408300,"status":"passed"},"line":24,"name":"tests that result text contains \"Apple\" word","match":{"arguments":[{"val":"\"Apple\"","offset":32}],"location":"stepdefinitions.AmazonStepDefinitions.testsThatResultTextContainsWord(java.lang.String)"},"keyword":"And "},{"result":{"duration":3622761400,"status":"passed"},"line":25,"name":"closes the page","match":{"location":"stepdefinitions.AmazonStepDefinitions.closes_the_page()"},"keyword":"Then "}],"tags":[{"name":"@smokeTest"},{"name":"@p2"}]},{"start_timestamp":"2023-07-22T16:31:32.834Z","line":27,"name":"TC05 we will create new methods where we can use parameters","description":"","id":"us-1004-using-parameters-on-test-steps;tc05-we-will-create-new-methods-where-we-can-use-parameters","type":"scenario","keyword":"Scenario","steps":[{"result":{"duration":10391908100,"status":"passed"},"line":29,"name":"user goes to amazon homepage","match":{"location":"stepdefinitions.AmazonStepDefinitions.user_goes_to_amazon_homepage()"},"keyword":"Given "},{"result":{"duration":6217589600,"status":"passed"},"line":30,"name":"user searches for \"TeaPot\" in search box","match":{"arguments":[{"val":"\"TeaPot\"","offset":18}],"location":"stepdefinitions.AmazonStepDefinitions.userSearchesForInSearchBox(java.lang.String)"},"keyword":"Then "},{"result":{"error_message":"java.lang.AssertionError\r\n\tat org.junit.Assert.fail(Assert.java:87)\r\n\tat org.junit.Assert.assertTrue(Assert.java:42)\r\n\tat org.junit.Assert.assertTrue(Assert.java:53)\r\n\tat stepdefinitions.AmazonStepDefinitions.testsThatResultTextContainsWord(AmazonStepDefinitions.java:98)\r\n\tat ✽.tests that result text contains \"Teapot\" word(file:///C:/Users/piski/IdeaProjects/com.Team115Cucumber/src/test/resources/features/US1004_usingParameters.feature:31)\r\n","duration":259395600,"status":"failed"},"line":31,"name":"tests that result text contains \"Teapot\" word","match":{"arguments":[{"val":"\"Teapot\"","offset":32}],"location":"stepdefinitions.AmazonStepDefinitions.testsThatResultTextContainsWord(java.lang.String)"},"keyword":"And "},{"result":{"status":"skipped"},"line":32,"name":"closes the page","match":{"location":"stepdefinitions.AmazonStepDefinitions.closes_the_page()"},"keyword":"Then "}],"tags":[{"name":"@smokeTest"},{"name":"@p2"}]},{"start_timestamp":"2023-07-22T16:31:49.740Z","line":34,"name":"TC05 we will create new methods where we can use parameters","description":"","id":"us-1004-using-parameters-on-test-steps;tc05-we-will-create-new-methods-where-we-can-use-parameters","type":"scenario","keyword":"Scenario","steps":[{"result":{"duration":4182619900,"status":"passed"},"line":36,"name":"user goes to amazon homepage","match":{"location":"stepdefinitions.AmazonStepDefinitions.user_goes_to_amazon_homepage()"},"keyword":"Given "},{"result":{"duration":6179867600,"status":"passed"},"line":37,"name":"user searches for \"flower\" in search box","match":{"arguments":[{"val":"\"flower\"","offset":18}],"location":"stepdefinitions.AmazonStepDefinitions.userSearchesForInSearchBox(java.lang.String)"},"keyword":"Then "},{"result":{"duration":504902500,"status":"passed"},"line":38,"name":"tests that result text contains \"flower\" word","match":{"arguments":[{"val":"\"flower\"","offset":32}],"location":"stepdefinitions.AmazonStepDefinitions.testsThatResultTextContainsWord(java.lang.String)"},"keyword":"And "},{"result":{"duration":3205886500,"status":"passed"},"line":39,"name":"closes the page","match":{"location":"stepdefinitions.AmazonStepDefinitions.closes_the_page()"},"keyword":"Then "}],"tags":[{"name":"@smokeTest"},{"name":"@p2"}]}],"name":"US 1004 Using parameters on test steps","description":"","id":"us-1004-using-parameters-on-test-steps","keyword":"Feature","uri":"file:src/test/resources/features/US1004_usingParameters.feature","tags":[{"name":"@smokeTest","type":"Tag","location":{"line":1,"column":1}},{"name":"@p2","type":"Tag","location":{"line":1,"column":12}}]},{"line":3,"elements":[{"start_timestamp":"2023-07-22T16:32:03.836Z","line":6,"name":"TC11 Negative Login Test with valid Email and Invalid Password","description":"","id":"us1008-negative-login-test;tc11-negative-login-test-with-valid-email-and-invalid-password","type":"scenario","keyword":"Scenario","steps":[{"result":{"duration":10232695200,"status":"passed"},"line":8,"name":"user goes to \"qdUrl\" homepage","match":{"arguments":[{"val":"\"qdUrl\"","offset":13}],"location":"stepdefinitions.AmazonStepDefinitions.userGoesToHomepage(java.lang.String)"},"keyword":"Given "},{"result":{"duration":524213400,"status":"passed"},"line":9,"name":"user click on qdHomePage login button","match":{"location":"stepdefinitions.QdStepDefinitions.user_click_on_qd_home_page_login_button()"},"keyword":"Then "},{"result":{"duration":124417100,"status":"passed"},"line":10,"name":"user enters \"qdValidUserName\" to emailTextBox","match":{"arguments":[{"val":"\"qdValidUserName\"","offset":12}],"location":"stepdefinitions.QdStepDefinitions.user_enters_to_email_text_box(java.lang.String)"},"keyword":"And "},{"result":{"duration":119469100,"status":"passed"},"line":11,"name":"user enters \"qdInvalidPassword\" to passwordTextBox","match":{"arguments":[{"val":"\"qdInvalidPassword\"","offset":12}],"location":"stepdefinitions.QdStepDefinitions.user_enters_to_password_text_box(java.lang.String)"},"keyword":"And "},{"result":{"error_message":"org.openqa.selenium.ElementClickInterceptedException: element click intercepted: Element <button type=\"submit\" class=\"btn red radius-5 mt-4 w-100\">...</button> is not clickable at point (1089, 540). Other element would receive the click: <p>...</p>\n  (Session info: chrome=114.0.5735.248)\nBuild info: version: '4.8.3', revision: 'e5e76298c3'\nSystem info: os.name: 'Windows 10', os.arch: 'amd64', os.version: '10.0', java.version: '11.0.11'\nDriver info: org.openqa.selenium.chrome.ChromeDriver\nCommand: [d03f70ecc2016e2888acedfc6221be40, clickElement {id=403CCEC7260AECD5DF254377D75EBB40_element_39}]\nCapabilities {acceptInsecureCerts: false, browserName: chrome, browserVersion: 114.0.5735.248, chrome: {chromedriverVersion: 114.0.5735.90 (386bc09e8f4f..., userDataDir: C:\\Users\\piski\\AppData\\Loca...}, goog:chromeOptions: {debuggerAddress: localhost:51254}, networkConnectionEnabled: false, pageLoadStrategy: normal, platformName: WINDOWS, proxy: Proxy(), se:cdp: ws://localhost:51254/devtoo..., se:cdpVersion: 114.0.5735.248, setWindowRect: true, strictFileInteractability: false, timeouts: {implicit: 0, pageLoad: 300000, script: 30000}, unhandledPromptBehavior: dismiss and notify, webauthn:extension:credBlob: true, webauthn:extension:largeBlob: true, webauthn:extension:minPinLength: true, webauthn:extension:prf: true, webauthn:virtualAuthenticators: true}\nElement: [[ChromeDriver: chrome on WINDOWS (d03f70ecc2016e2888acedfc6221be40)] -> xpath: //button[@class='btn red radius-5 mt-4 w-100']]\nSession ID: d03f70ecc2016e2888acedfc6221be40\r\n\tat java.base/jdk.internal.reflect.NativeConstructorAccessorImpl.newInstance0(Native Method)\r\n\tat java.base/jdk.internal.reflect.NativeConstructorAccessorImpl.newInstance(NativeConstructorAccessorImpl.java:62)\r\n\tat java.base/jdk.internal.reflect.DelegatingConstructorAccessorImpl.newInstance(DelegatingConstructorAccessorImpl.java:45)\r\n\tat java.base/java.lang.reflect.Constructor.newInstance(Constructor.java:490)\r\n\tat org.openqa.selenium.remote.codec.w3c.W3CHttpResponseCodec.createException(W3CHttpResponseCodec.java:200)\r\n\tat org.openqa.selenium.remote.codec.w3c.W3CHttpResponseCodec.decode(W3CHttpResponseCodec.java:133)\r\n\tat org.openqa.selenium.remote.codec.w3c.W3CHttpResponseCodec.decode(W3CHttpResponseCodec.java:53)\r\n\tat org.openqa.selenium.remote.HttpCommandExecutor.execute(HttpCommandExecutor.java:193)\r\n\tat org.openqa.selenium.remote.service.DriverCommandExecutor.invokeExecute(DriverCommandExecutor.java:183)\r\n\tat org.openqa.selenium.remote.service.DriverCommandExecutor.execute(DriverCommandExecutor.java:158)\r\n\tat org.openqa.selenium.remote.RemoteWebDriver.execute(RemoteWebDriver.java:543)\r\n\tat org.openqa.selenium.remote.RemoteWebElement.execute(RemoteWebElement.java:257)\r\n\tat org.openqa.selenium.remote.RemoteWebElement.click(RemoteWebElement.java:78)\r\n\tat java.base/jdk.internal.reflect.NativeMethodAccessorImpl.invoke0(Native Method)\r\n\tat java.base/jdk.internal.reflect.NativeMethodAccessorImpl.invoke(NativeMethodAccessorImpl.java:62)\r\n\tat java.base/jdk.internal.reflect.DelegatingMethodAccessorImpl.invoke(DelegatingMethodAccessorImpl.java:43)\r\n\tat java.base/java.lang.reflect.Method.invoke(Method.java:566)\r\n\tat org.openqa.selenium.support.pagefactory.internal.LocatingElementHandler.invoke(LocatingElementHandler.java:52)\r\n\tat com.sun.proxy.$Proxy22.click(Unknown Source)\r\n\tat stepdefinitions.QdStepDefinitions.user_click_on_login_page_login_button(QdStepDefinitions.java:28)\r\n\tat ✽.user click on loginPage login button(file:///C:/Users/piski/IdeaProjects/com.Team115Cucumber/src/test/resources/features/US1008_withParametersNegativeLoginTest.feature:12)\r\n","duration":1099954700,"status":"failed"},"line":12,"name":"user click on loginPage login button","match":{"location":"stepdefinitions.QdStepDefinitions.user_click_on_login_page_login_button()"},"keyword":"And "},{"result":{"status":"skipped"},"line":13,"name":"test that user could not be able to login","match":{"location":"stepdefinitions.QdStepDefinitions.test_that_user_could_not_be_able_to_login()"},"keyword":"And "},{"result":{"status":"skipped"},"line":14,"name":"closes the page","match":{"location":"stepdefinitions.AmazonStepDefinitions.closes_the_page()"},"keyword":"And "}],"tags":[{"name":"@p2"}]},{"start_timestamp":"2023-07-22T16:32:15.948Z","line":17,"name":"TC12 Negative Login Test with invalid Email and valid Password","description":"","id":"us1008-negative-login-test;tc12-negative-login-test-with-invalid-email-and-valid-password","type":"scenario","keyword":"Scenario","steps":[{"result":{"duration":1968030600,"status":"passed"},"line":19,"name":"user goes to \"qdUrl\" homepage","match":{"arguments":[{"val":"\"qdUrl\"","offset":13}],"location":"stepdefinitions.AmazonStepDefinitions.userGoesToHomepage(java.lang.String)"},"keyword":"Given "},{"result":{"duration":579796800,"status":"passed"},"line":20,"name":"user click on qdHomePage login button","match":{"location":"stepdefinitions.QdStepDefinitions.user_click_on_qd_home_page_login_button()"},"keyword":"Then "},{"result":{"duration":188886800,"status":"passed"},"line":21,"name":"user enters \"qdInvalidUserName\" to emailTextBox","match":{"arguments":[{"val":"\"qdInvalidUserName\"","offset":12}],"location":"stepdefinitions.QdStepDefinitions.user_enters_to_email_text_box(java.lang.String)"},"keyword":"And "},{"result":{"duration":165575300,"status":"passed"},"line":22,"name":"user enters \"qdValidPassword\" to passwordTextBox","match":{"arguments":[{"val":"\"qdValidPassword\"","offset":12}],"location":"stepdefinitions.QdStepDefinitions.user_enters_to_password_text_box(java.lang.String)"},"keyword":"And "},{"result":{"error_message":"org.openqa.selenium.ElementClickInterceptedException: element click intercepted: Element <button type=\"submit\" class=\"btn red radius-5 mt-4 w-100\">...</button> is not clickable at point (1089, 540). Other element would receive the click: <p>...</p>\n  (Session info: chrome=114.0.5735.248)\nBuild info: version: '4.8.3', revision: 'e5e76298c3'\nSystem info: os.name: 'Windows 10', os.arch: 'amd64', os.version: '10.0', java.version: '11.0.11'\nDriver info: org.openqa.selenium.chrome.ChromeDriver\nCommand: [d03f70ecc2016e2888acedfc6221be40, clickElement {id=EA27187EE571BB526D69425BEFDB2E01_element_53}]\nCapabilities {acceptInsecureCerts: false, browserName: chrome, browserVersion: 114.0.5735.248, chrome: {chromedriverVersion: 114.0.5735.90 (386bc09e8f4f..., userDataDir: C:\\Users\\piski\\AppData\\Loca...}, goog:chromeOptions: {debuggerAddress: localhost:51254}, networkConnectionEnabled: false, pageLoadStrategy: normal, platformName: WINDOWS, proxy: Proxy(), se:cdp: ws://localhost:51254/devtoo..., se:cdpVersion: 114.0.5735.248, setWindowRect: true, strictFileInteractability: false, timeouts: {implicit: 0, pageLoad: 300000, script: 30000}, unhandledPromptBehavior: dismiss and notify, webauthn:extension:credBlob: true, webauthn:extension:largeBlob: true, webauthn:extension:minPinLength: true, webauthn:extension:prf: true, webauthn:virtualAuthenticators: true}\nElement: [[ChromeDriver: chrome on WINDOWS (d03f70ecc2016e2888acedfc6221be40)] -> xpath: //button[@class='btn red radius-5 mt-4 w-100']]\nSession ID: d03f70ecc2016e2888acedfc6221be40\r\n\tat java.base/jdk.internal.reflect.NativeConstructorAccessorImpl.newInstance0(Native Method)\r\n\tat java.base/jdk.internal.reflect.NativeConstructorAccessorImpl.newInstance(NativeConstructorAccessorImpl.java:62)\r\n\tat java.base/jdk.internal.reflect.DelegatingConstructorAccessorImpl.newInstance(DelegatingConstructorAccessorImpl.java:45)\r\n\tat java.base/java.lang.reflect.Constructor.newInstance(Constructor.java:490)\r\n\tat org.openqa.selenium.remote.codec.w3c.W3CHttpResponseCodec.createException(W3CHttpResponseCodec.java:200)\r\n\tat org.openqa.selenium.remote.codec.w3c.W3CHttpResponseCodec.decode(W3CHttpResponseCodec.java:133)\r\n\tat org.openqa.selenium.remote.codec.w3c.W3CHttpResponseCodec.decode(W3CHttpResponseCodec.java:53)\r\n\tat org.openqa.selenium.remote.HttpCommandExecutor.execute(HttpCommandExecutor.java:193)\r\n\tat org.openqa.selenium.remote.service.DriverCommandExecutor.invokeExecute(DriverCommandExecutor.java:183)\r\n\tat org.openqa.selenium.remote.service.DriverCommandExecutor.execute(DriverCommandExecutor.java:158)\r\n\tat org.openqa.selenium.remote.RemoteWebDriver.execute(RemoteWebDriver.java:543)\r\n\tat org.openqa.selenium.remote.RemoteWebElement.execute(RemoteWebElement.java:257)\r\n\tat org.openqa.selenium.remote.RemoteWebElement.click(RemoteWebElement.java:78)\r\n\tat java.base/jdk.internal.reflect.NativeMethodAccessorImpl.invoke0(Native Method)\r\n\tat java.base/jdk.internal.reflect.NativeMethodAccessorImpl.invoke(NativeMethodAccessorImpl.java:62)\r\n\tat java.base/jdk.internal.reflect.DelegatingMethodAccessorImpl.invoke(DelegatingMethodAccessorImpl.java:43)\r\n\tat java.base/java.lang.reflect.Method.invoke(Method.java:566)\r\n\tat org.openqa.selenium.support.pagefactory.internal.LocatingElementHandler.invoke(LocatingElementHandler.java:52)\r\n\tat com.sun.proxy.$Proxy22.click(Unknown Source)\r\n\tat stepdefinitions.QdStepDefinitions.user_click_on_login_page_login_button(QdStepDefinitions.java:28)\r\n\tat ✽.user click on loginPage login button(file:///C:/Users/piski/IdeaProjects/com.Team115Cucumber/src/test/resources/features/US1008_withParametersNegativeLoginTest.feature:23)\r\n","duration":1123226300,"status":"failed"},"line":23,"name":"user click on loginPage login button","match":{"location":"stepdefinitions.QdStepDefinitions.user_click_on_login_page_login_button()"},"keyword":"And "},{"result":{"status":"skipped"},"line":24,"name":"test that user could not be able to login","match":{"location":"stepdefinitions.QdStepDefinitions.test_that_user_could_not_be_able_to_login()"},"keyword":"And "},{"result":{"status":"skipped"},"line":25,"name":"closes the page","match":{"location":"stepdefinitions.AmazonStepDefinitions.closes_the_page()"},"keyword":"And "}],"tags":[{"name":"@p2"}]},{"start_timestamp":"2023-07-22T16:32:19.989Z","line":27,"name":"TC13 Negative Login Test with valid Email and Invalid Password","description":"","id":"us1008-negative-login-test;tc13-negative-login-test-with-valid-email-and-invalid-password","type":"scenario","keyword":"Scenario","steps":[{"result":{"duration":2536185300,"status":"passed"},"line":29,"name":"user goes to \"qdUrl\" homepage","match":{"arguments":[{"val":"\"qdUrl\"","offset":13}],"location":"stepdefinitions.AmazonStepDefinitions.userGoesToHomepage(java.lang.String)"},"keyword":"Given "},{"result":{"duration":696521300,"status":"passed"},"line":30,"name":"user click on qdHomePage login button","match":{"location":"stepdefinitions.QdStepDefinitions.user_click_on_qd_home_page_login_button()"},"keyword":"Then "},{"result":{"duration":128045600,"status":"passed"},"line":31,"name":"user enters \"qdInvalidUserName\" to emailTextBox","match":{"arguments":[{"val":"\"qdInvalidUserName\"","offset":12}],"location":"stepdefinitions.QdStepDefinitions.user_enters_to_email_text_box(java.lang.String)"},"keyword":"And "},{"result":{"duration":130242000,"status":"passed"},"line":32,"name":"user enters \"qdInvalidPassword\" to passwordTextBox","match":{"arguments":[{"val":"\"qdInvalidPassword\"","offset":12}],"location":"stepdefinitions.QdStepDefinitions.user_enters_to_password_text_box(java.lang.String)"},"keyword":"And "},{"result":{"error_message":"org.openqa.selenium.ElementClickInterceptedException: element click intercepted: Element <button type=\"submit\" class=\"btn red radius-5 mt-4 w-100\">...</button> is not clickable at point (1089, 540). Other element would receive the click: <p>...</p>\n  (Session info: chrome=114.0.5735.248)\nBuild info: version: '4.8.3', revision: 'e5e76298c3'\nSystem info: os.name: 'Windows 10', os.arch: 'amd64', os.version: '10.0', java.version: '11.0.11'\nDriver info: org.openqa.selenium.chrome.ChromeDriver\nCommand: [d03f70ecc2016e2888acedfc6221be40, clickElement {id=E89E3A330BB943D4FEAEAE5DCD8798F5_element_66}]\nCapabilities {acceptInsecureCerts: false, browserName: chrome, browserVersion: 114.0.5735.248, chrome: {chromedriverVersion: 114.0.5735.90 (386bc09e8f4f..., userDataDir: C:\\Users\\piski\\AppData\\Loca...}, goog:chromeOptions: {debuggerAddress: localhost:51254}, networkConnectionEnabled: false, pageLoadStrategy: normal, platformName: WINDOWS, proxy: Proxy(), se:cdp: ws://localhost:51254/devtoo..., se:cdpVersion: 114.0.5735.248, setWindowRect: true, strictFileInteractability: false, timeouts: {implicit: 0, pageLoad: 300000, script: 30000}, unhandledPromptBehavior: dismiss and notify, webauthn:extension:credBlob: true, webauthn:extension:largeBlob: true, webauthn:extension:minPinLength: true, webauthn:extension:prf: true, webauthn:virtualAuthenticators: true}\nElement: [[ChromeDriver: chrome on WINDOWS (d03f70ecc2016e2888acedfc6221be40)] -> xpath: //button[@class='btn red radius-5 mt-4 w-100']]\nSession ID: d03f70ecc2016e2888acedfc6221be40\r\n\tat java.base/jdk.internal.reflect.NativeConstructorAccessorImpl.newInstance0(Native Method)\r\n\tat java.base/jdk.internal.reflect.NativeConstructorAccessorImpl.newInstance(NativeConstructorAccessorImpl.java:62)\r\n\tat java.base/jdk.internal.reflect.DelegatingConstructorAccessorImpl.newInstance(DelegatingConstructorAccessorImpl.java:45)\r\n\tat java.base/java.lang.reflect.Constructor.newInstance(Constructor.java:490)\r\n\tat org.openqa.selenium.remote.codec.w3c.W3CHttpResponseCodec.createException(W3CHttpResponseCodec.java:200)\r\n\tat org.openqa.selenium.remote.codec.w3c.W3CHttpResponseCodec.decode(W3CHttpResponseCodec.java:133)\r\n\tat org.openqa.selenium.remote.codec.w3c.W3CHttpResponseCodec.decode(W3CHttpResponseCodec.java:53)\r\n\tat org.openqa.selenium.remote.HttpCommandExecutor.execute(HttpCommandExecutor.java:193)\r\n\tat org.openqa.selenium.remote.service.DriverCommandExecutor.invokeExecute(DriverCommandExecutor.java:183)\r\n\tat org.openqa.selenium.remote.service.DriverCommandExecutor.execute(DriverCommandExecutor.java:158)\r\n\tat org.openqa.selenium.remote.RemoteWebDriver.execute(RemoteWebDriver.java:543)\r\n\tat org.openqa.selenium.remote.RemoteWebElement.execute(RemoteWebElement.java:257)\r\n\tat org.openqa.selenium.remote.RemoteWebElement.click(RemoteWebElement.java:78)\r\n\tat java.base/jdk.internal.reflect.NativeMethodAccessorImpl.invoke0(Native Method)\r\n\tat java.base/jdk.internal.reflect.NativeMethodAccessorImpl.invoke(NativeMethodAccessorImpl.java:62)\r\n\tat java.base/jdk.internal.reflect.DelegatingMethodAccessorImpl.invoke(DelegatingMethodAccessorImpl.java:43)\r\n\tat java.base/java.lang.reflect.Method.invoke(Method.java:566)\r\n\tat org.openqa.selenium.support.pagefactory.internal.LocatingElementHandler.invoke(LocatingElementHandler.java:52)\r\n\tat com.sun.proxy.$Proxy22.click(Unknown Source)\r\n\tat stepdefinitions.QdStepDefinitions.user_click_on_login_page_login_button(QdStepDefinitions.java:28)\r\n\tat ✽.user click on loginPage login button(file:///C:/Users/piski/IdeaProjects/com.Team115Cucumber/src/test/resources/features/US1008_withParametersNegativeLoginTest.feature:33)\r\n","duration":1141881800,"status":"failed"},"line":33,"name":"user click on loginPage login button","match":{"location":"stepdefinitions.QdStepDefinitions.user_click_on_login_page_login_button()"},"keyword":"And "},{"result":{"status":"skipped"},"line":34,"name":"test that user could not be able to login","match":{"location":"stepdefinitions.QdStepDefinitions.test_that_user_could_not_be_able_to_login()"},"keyword":"And "},{"result":{"duration":1004700,"status":"skipped"},"line":35,"name":"closes the page","match":{"location":"stepdefinitions.AmazonStepDefinitions.closes_the_page()"},"keyword":"And "}],"tags":[{"name":"@p2"}]}],"name":"US1008 Negative Login Test","description":"","id":"us1008-negative-login-test","keyword":"Feature","uri":"file:src/test/resources/features/US1008_withParametersNegativeLoginTest.feature","tags":[{"name":"@p2","type":"Tag","location":{"line":2,"column":1}}]}]